
**** Build of configuration Debug for project h2neo_monitor ****

"C:\\ti\\ccsv6\\utils\\bin\\gmake" -k all 
'Building file: ../main.c'
'Invoking: MSP430 Compiler'
"C:/ti/ccsv6/tools/compiler/ti-cgt-msp430_20.2.1.LTS/bin/cl430" -vmspx --data_model=restricted --use_hw_mpy=F5 --include_path="C:/ti/ccsv6/ccs_base/msp430/include" --include_path="C:/ti/ccsv6/tools/compiler/ti-cgt-msp430_20.2.1.LTS/include" --advice:power=all --define=__MSP430F5529__ -g --printf_support=minimal --diag_warning=225 --diag_wrap=off --display_error_number --abi=eabi --silicon_errata=CPU21 --silicon_errata=CPU22 --silicon_errata=CPU23 --silicon_errata=CPU40 --preproc_with_compile --preproc_dependency="main.pp"  "../main.c"
"../main.c", line 65: remark #1527-D: (ULP 2.1) Detected SW delay loop using __delay_cycles. Recommend using a timer module instead
"../main.c", line 82: remark #1544-D: (ULP 13.1) Detected loop counting up. Recommend loops count down as detecting zeros is easier
"../main.c", line 83: remark #2553-D: (ULP 14.1) Array index (involving "i") of type "short". Recommend using "unsigned short"
"../main.c", line 128: remark #1530-D: (ULP 5.1) Detected divide operation(s). Recommend moving them to RAM during run time or not using as these are processing/power intensive
"../main.c", line 129: remark #1530-D: (ULP 5.1) Detected divide operation(s). Recommend moving them to RAM during run time or not using as these are processing/power intensive
"../main.c", line 133: remark #1530-D: (ULP 5.1) Detected modulo operation(s). Recommend moving them to RAM during run time or not using as these are processing/power intensive
"../main.c", line 142: remark #1530-D: (ULP 5.1) Detected modulo operation(s). Recommend moving them to RAM during run time or not using as these are processing/power intensive
"../main.c", line 162: remark #1544-D: (ULP 13.1) Detected loop counting up. Recommend loops count down as detecting zeros is easier
"../main.c", line 163: remark #2553-D: (ULP 14.1) Array index (involving "i") of type "short". Recommend using "unsigned short"
"../main.c", line 164: remark #2553-D: (ULP 14.1) Array index (involving "i") of type "short". Recommend using "unsigned short"
"../main.c", line 168: remark #1530-D: (ULP 5.1) Detected divide operation(s). Recommend moving them to RAM during run time or not using as these are processing/power intensive
"../main.c", line 171: remark #1530-D: (ULP 5.1) Detected divide operation(s). Recommend moving them to RAM during run time or not using as these are processing/power intensive
"../main.c", line 162: remark #1544-D: (ULP 13.1) Detected loop counting up. Recommend loops count down as detecting zeros is easier
"../main.c", line 163: remark #2553-D: (ULP 14.1) Array index (involving "i") of type "short". Recommend using "unsigned short"
"../main.c", line 164: remark #2553-D: (ULP 14.1) Array index (involving "i") of type "short". Recommend using "unsigned short"
"../main.c", line 162: remark #1544-D: (ULP 13.1) Detected loop counting up. Recommend loops count down as detecting zeros is easier
"../main.c", line 163: remark #2553-D: (ULP 14.1) Array index (involving "i") of type "short". Recommend using "unsigned short"
"../main.c", line 164: remark #2553-D: (ULP 14.1) Array index (involving "i") of type "short". Recommend using "unsigned short"
"../main.c", line 169: remark #1535-D: (ULP 8.1) variable "gtt" is used as a constant. Recommend declaring variable as either 'static const' or 'const'
"../main.c", line 29: remark #1535-D: (ULP 8.1) variable "tic" is used as a constant. Recommend declaring variable as either 'static const' or 'const'
"../main.c", line 42: remark #1535-D: (ULP 8.1) variable "rotKnobIFG" is used as a constant. Recommend declaring variable as either 'static const' or 'const'
"../main.c", line 43: remark #1535-D: (ULP 8.1) variable "rotButIFG" is used as a constant. Recommend declaring variable as either 'static const' or 'const'
"../main.c", line 44: remark #1535-D: (ULP 8.1) variable "s2IFG" is used as a constant. Recommend declaring variable as either 'static const' or 'const'
"../main.c", line 168 (col. 17): remark #1531-D: (ULP 5.2) Detected floating point operation(s). Recommend moving them to RAM during run time or not using as these are processing/power intensive
"../main.c", line 170 (col. 21): remark #1531-D: (ULP 5.2) Detected floating point operation(s). Recommend moving them to RAM during run time or not using as these are processing/power intensive
"../main.c", line 171 (col. 13): remark #1531-D: (ULP 5.2) Detected floating point operation(s). Recommend moving them to RAM during run time or not using as these are processing/power intensive
'Finished building: ../main.c'
' '
'Building file: ../opticalSensor.c'
'Invoking: MSP430 Compiler'
"C:/ti/ccsv6/tools/compiler/ti-cgt-msp430_20.2.1.LTS/bin/cl430" -vmspx --data_model=restricted --use_hw_mpy=F5 --include_path="C:/ti/ccsv6/ccs_base/msp430/include" --include_path="C:/ti/ccsv6/tools/compiler/ti-cgt-msp430_20.2.1.LTS/include" --advice:power=all --define=__MSP430F5529__ -g --printf_support=minimal --diag_warning=225 --diag_wrap=off --display_error_number --abi=eabi --silicon_errata=CPU21 --silicon_errata=CPU22 --silicon_errata=CPU23 --silicon_errata=CPU40 --preproc_with_compile --preproc_dependency="opticalSensor.pp"  "../opticalSensor.c"
'Finished building: ../opticalSensor.c'
' '
'Building target: h2neo_monitor.out'
'Invoking: MSP430 Linker'
"C:/ti/ccsv6/tools/compiler/ti-cgt-msp430_20.2.1.LTS/bin/cl430" -vmspx --data_model=restricted --use_hw_mpy=F5 --advice:power=all --define=__MSP430F5529__ -g --printf_support=minimal --diag_warning=225 --diag_wrap=off --display_error_number --abi=eabi --silicon_errata=CPU21 --silicon_errata=CPU22 --silicon_errata=CPU23 --silicon_errata=CPU40 -z -m"h2neo_monitor.map" --heap_size=160 --stack_size=160 --cinit_hold_wdt=on -i"C:/ti/ccsv6/ccs_base/msp430/include" -i"C:/ti/ccsv6/tools/compiler/ti-cgt-msp430_20.2.1.LTS/lib" -i"C:/ti/ccsv6/tools/compiler/ti-cgt-msp430_20.2.1.LTS/include" -i"C:/ti/ccsv6/ccs_base/msp430/lib/5xx_6xx_FRxx" --reread_libs --diag_wrap=off --display_error_number --warn_sections --xml_link_info="h2neo_monitor_linkInfo.xml" --use_hw_mpy=F5 --rom_model -o "h2neo_monitor.out" "./lcd_screen.obj" "./main.obj" "./opticalSensor.obj" "./rotary_encoder_w_button.obj" "./stopwatch.obj" "./test.obj" "../lnk_msp430f5529.cmd"  -l"libmath.a" -l"libc.a" 
<Linking>
remark #10372-D: (ULP 4.1) Detected uninitialized Port B in this project. Recommend initializing all unused ports to eliminate wasted current consumption on unused pins.
remark #10372-D: (ULP 4.1) Detected uninitialized Port C in this project. Recommend initializing all unused ports to eliminate wasted current consumption on unused pins.
'Finished building target: h2neo_monitor.out'
' '

**** Build Finished ****

**** Build of configuration Debug for project h2neo_monitor ****

"C:\\ti\\ccsv6\\utils\\bin\\gmake" -k all 
gmake: Nothing to be done for `all'.

**** Build Finished ****

**** Build of configuration Debug for project h2neo_monitor ****

"C:\\ti\\ccsv6\\utils\\bin\\gmake" -k all 
gmake: Nothing to be done for `all'.

**** Build Finished ****

**** Build of configuration Debug for project h2neo_monitor ****

"C:\\ti\\ccsv6\\utils\\bin\\gmake" -k all 
gmake: Nothing to be done for `all'.

**** Build Finished ****
