
**** Build of configuration Debug for project h2neo_monitor ****

"C:\\Program Files (x86)\\ccs\\utils\\bin\\gmake" -k all 
 
Building file: "../main.c"
Invoking: MSP430 Compiler
"C:/Program Files (x86)/ccs/tools/compiler/ti-cgt-msp430_20.2.1.LTS/bin/cl430" -vmspx --data_model=restricted --use_hw_mpy=F5 --include_path="C:/Program Files (x86)/ccs/ccs_base/msp430/include" --include_path="C:/Program Files (x86)/ccs/tools/compiler/ti-cgt-msp430_20.2.1.LTS/include" --advice:power="all" --define=__MSP430F5529__ -g --printf_support=full --diag_warning=225 --diag_wrap=off --display_error_number --abi=eabi --silicon_errata=CPU21 --silicon_errata=CPU22 --silicon_errata=CPU23 --silicon_errata=CPU40 --preproc_with_compile --preproc_dependency="main.d_raw"  "../main.c"
"../main.c", line 94: remark #1527-D: (ULP 2.1) Detected SW delay loop using __delay_cycles. Recommend using a timer module instead
"../main.c", line 152: remark #1530-D: (ULP 5.1) Detected divide operation(s). Recommend moving them to RAM during run time or not using as these are processing/power intensive
"../main.c", line 228: warning #183-D: argument is incompatible with corresponding format string conversion
"../main.c", line 228: remark #1532-D: (ULP 5.3) Detected printf() operation(s). Recommend moving them to RAM during run time or not using as these are processing/power intensive
"../main.c", line 229: remark #1532-D: (ULP 5.3) Detected printf() operation(s). Recommend moving them to RAM during run time or not using as these are processing/power intensive
"../main.c", line 287: remark #1544-D: (ULP 13.1) Detected loop counting up. Recommend loops count down as detecting zeros is easier
"../main.c", line 288: remark #2553-D: (ULP 14.1) Array index (involving "i") of type "short". Recommend using "unsigned short"
"../main.c", line 291: remark #1530-D: (ULP 5.1) Detected divide operation(s). Recommend moving them to RAM during run time or not using as these are processing/power intensive
"../main.c", line 293: remark #1530-D: (ULP 5.1) Detected divide operation(s). Recommend moving them to RAM during run time or not using as these are processing/power intensive
"../main.c", line 287: remark #1544-D: (ULP 13.1) Detected loop counting up. Recommend loops count down as detecting zeros is easier
"../main.c", line 288: remark #2553-D: (ULP 14.1) Array index (involving "i") of type "short". Recommend using "unsigned short"
"../main.c", line 34: remark #1535-D: (ULP 8.1) variable "tic" is used as a constant. Recommend declaring variable as either 'static const' or 'const'
"../main.c", line 35: remark #1535-D: (ULP 8.1) variable "msec" is used as a constant. Recommend declaring variable as either 'static const' or 'const'
"../main.c", line 35: remark #1535-D: (ULP 8.1) variable "sec" is used as a constant. Recommend declaring variable as either 'static const' or 'const'
"../main.c", line 35: remark #1535-D: (ULP 8.1) variable "min" is used as a constant. Recommend declaring variable as either 'static const' or 'const'
"../main.c", line 36: remark #1535-D: (ULP 8.1) variable "oMsec" is used as a constant. Recommend declaring variable as either 'static const' or 'const'
"../main.c", line 36: remark #1535-D: (ULP 8.1) variable "oSec" is used as a constant. Recommend declaring variable as either 'static const' or 'const'
"../main.c", line 36: remark #1535-D: (ULP 8.1) variable "oMin" is used as a constant. Recommend declaring variable as either 'static const' or 'const'
"../main.c", line 45: remark #1535-D: (ULP 8.1) variable "oldRate" is used as a constant. Recommend declaring variable as either 'static const' or 'const'
"../main.c", line 47: remark #1535-D: (ULP 8.1) variable "isPrompting" is used as a constant. Recommend declaring variable as either 'static const' or 'const'
"../main.c", line 48: remark #1535-D: (ULP 8.1) variable "alarmTriggered" is used as a constant. Recommend declaring variable as either 'static const' or 'const'
"../main.c", line 49: remark #1535-D: (ULP 8.1) variable "desiredRate" is used as a constant. Recommend declaring variable as either 'static const' or 'const'
"../main.c", line 52: remark #1535-D: (ULP 8.1) variable "rotKnobIFG" is used as a constant. Recommend declaring variable as either 'static const' or 'const'
"../main.c", line 53: remark #1535-D: (ULP 8.1) variable "rotButIFG" is used as a constant. Recommend declaring variable as either 'static const' or 'const'
"../main.c", line 54: remark #1535-D: (ULP 8.1) variable "s2IFG" is used as a constant. Recommend declaring variable as either 'static const' or 'const'
"../main.c", line 61: remark #1535-D: (ULP 8.1) variable "time_base" is used as a constant. Recommend declaring variable as either 'static const' or 'const'
"../main.c", line 65: remark #1535-D: (ULP 8.1) variable "slope_threshold" is used as a constant. Recommend declaring variable as either 'static const' or 'const'
"C:/Program Files (x86)/ccs/tools/compiler/ti-cgt-msp430_20.2.1.LTS/include/_defs.h", line 333 (col. 37): remark #1531-D: (ULP 5.2) Detected floating point operation(s). Recommend moving them to RAM during run time or not using as these are processing/power intensive
"C:/Program Files (x86)/ccs/tools/compiler/ti-cgt-msp430_20.2.1.LTS/include/_defs.h", line 334 (col. 10): remark #1531-D: (ULP 5.2) Detected floating point operation(s). Recommend moving them to RAM during run time or not using as these are processing/power intensive
"C:/Program Files (x86)/ccs/tools/compiler/ti-cgt-msp430_20.2.1.LTS/include/_defs.h", line 335 (col. 37): remark #1531-D: (ULP 5.2) Detected floating point operation(s). Recommend moving them to RAM during run time or not using as these are processing/power intensive
"C:/Program Files (x86)/ccs/tools/compiler/ti-cgt-msp430_20.2.1.LTS/include/_defs.h", line 336 (col. 10): remark #1531-D: (ULP 5.2) Detected floating point operation(s). Recommend moving them to RAM during run time or not using as these are processing/power intensive
"C:/Program Files (x86)/ccs/tools/compiler/ti-cgt-msp430_20.2.1.LTS/include/_defs.h", line 337 (col. 37): remark #1531-D: (ULP 5.2) Detected floating point operation(s). Recommend moving them to RAM during run time or not using as these are processing/power intensive
"C:/Program Files (x86)/ccs/tools/compiler/ti-cgt-msp430_20.2.1.LTS/include/_defs.h", line 338 (col. 10): remark #1531-D: (ULP 5.2) Detected floating point operation(s). Recommend moving them to RAM during run time or not using as these are processing/power intensive
"C:/Program Files (x86)/ccs/tools/compiler/ti-cgt-msp430_20.2.1.LTS/include/_defs.h", line 340 (col. 37): remark #1531-D: (ULP 5.2) Detected floating point operation(s). Recommend moving them to RAM during run time or not using as these are processing/power intensive
"C:/Program Files (x86)/ccs/tools/compiler/ti-cgt-msp430_20.2.1.LTS/include/_defs.h", line 341 (col. 10): remark #1531-D: (ULP 5.2) Detected floating point operation(s). Recommend moving them to RAM during run time or not using as these are processing/power intensive
"C:/Program Files (x86)/ccs/tools/compiler/ti-cgt-msp430_20.2.1.LTS/include/_defs.h", line 342 (col. 10): remark #1531-D: (ULP 5.2) Detected floating point operation(s). Recommend moving them to RAM during run time or not using as these are processing/power intensive
"C:/Program Files (x86)/ccs/tools/compiler/ti-cgt-msp430_20.2.1.LTS/include/_defs.h", line 343 (col. 37): remark #1531-D: (ULP 5.2) Detected floating point operation(s). Recommend moving them to RAM during run time or not using as these are processing/power intensive
"C:/Program Files (x86)/ccs/tools/compiler/ti-cgt-msp430_20.2.1.LTS/include/_defs.h", line 344 (col. 10): remark #1531-D: (ULP 5.2) Detected floating point operation(s). Recommend moving them to RAM during run time or not using as these are processing/power intensive
"C:/Program Files (x86)/ccs/tools/compiler/ti-cgt-msp430_20.2.1.LTS/include/_defs.h", line 345 (col. 10): remark #1531-D: (ULP 5.2) Detected floating point operation(s). Recommend moving them to RAM during run time or not using as these are processing/power intensive
"C:/Program Files (x86)/ccs/tools/compiler/ti-cgt-msp430_20.2.1.LTS/include/_defs.h", line 346 (col. 37): remark #1531-D: (ULP 5.2) Detected floating point operation(s). Recommend moving them to RAM during run time or not using as these are processing/power intensive
"C:/Program Files (x86)/ccs/tools/compiler/ti-cgt-msp430_20.2.1.LTS/include/_defs.h", line 347 (col. 10): remark #1531-D: (ULP 5.2) Detected floating point operation(s). Recommend moving them to RAM during run time or not using as these are processing/power intensive
"C:/Program Files (x86)/ccs/tools/compiler/ti-cgt-msp430_20.2.1.LTS/include/_defs.h", line 348 (col. 10): remark #1531-D: (ULP 5.2) Detected floating point operation(s). Recommend moving them to RAM during run time or not using as these are processing/power intensive
"C:/Program Files (x86)/ccs/tools/compiler/ti-cgt-msp430_20.2.1.LTS/include/_defs.h", line 350 (col. 37): remark #1531-D: (ULP 5.2) Detected floating point operation(s). Recommend moving them to RAM during run time or not using as these are processing/power intensive
"C:/Program Files (x86)/ccs/tools/compiler/ti-cgt-msp430_20.2.1.LTS/include/_defs.h", line 351 (col. 11): remark #1531-D: (ULP 5.2) Detected floating point operation(s). Recommend moving them to RAM during run time or not using as these are processing/power intensive
"C:/Program Files (x86)/ccs/tools/compiler/ti-cgt-msp430_20.2.1.LTS/include/_defs.h", line 352 (col. 11): remark #1531-D: (ULP 5.2) Detected floating point operation(s). Recommend moving them to RAM during run time or not using as these are processing/power intensive
"C:/Program Files (x86)/ccs/tools/compiler/ti-cgt-msp430_20.2.1.LTS/include/_defs.h", line 354 (col. 37): remark #1531-D: (ULP 5.2) Detected floating point operation(s). Recommend moving them to RAM during run time or not using as these are processing/power intensive
"C:/Program Files (x86)/ccs/tools/compiler/ti-cgt-msp430_20.2.1.LTS/include/_defs.h", line 355 (col. 11): remark #1531-D: (ULP 5.2) Detected floating point operation(s). Recommend moving them to RAM during run time or not using as these are processing/power intensive
"C:/Program Files (x86)/ccs/tools/compiler/ti-cgt-msp430_20.2.1.LTS/include/_defs.h", line 356 (col. 11): remark #1531-D: (ULP 5.2) Detected floating point operation(s). Recommend moving them to RAM during run time or not using as these are processing/power intensive
"C:/Program Files (x86)/ccs/tools/compiler/ti-cgt-msp430_20.2.1.LTS/include/_defs.h", line 358 (col. 37): remark #1531-D: (ULP 5.2) Detected floating point operation(s). Recommend moving them to RAM during run time or not using as these are processing/power intensive
"C:/Program Files (x86)/ccs/tools/compiler/ti-cgt-msp430_20.2.1.LTS/include/_defs.h", line 359 (col. 11): remark #1531-D: (ULP 5.2) Detected floating point operation(s). Recommend moving them to RAM during run time or not using as these are processing/power intensive
"C:/Program Files (x86)/ccs/tools/compiler/ti-cgt-msp430_20.2.1.LTS/include/_defs.h", line 360 (col. 11): remark #1531-D: (ULP 5.2) Detected floating point operation(s). Recommend moving them to RAM during run time or not using as these are processing/power intensive
"C:/Program Files (x86)/ccs/tools/compiler/ti-cgt-msp430_20.2.1.LTS/include/_defs.h", line 362 (col. 37): remark #1531-D: (ULP 5.2) Detected floating point operation(s). Recommend moving them to RAM during run time or not using as these are processing/power intensive
"C:/Program Files (x86)/ccs/tools/compiler/ti-cgt-msp430_20.2.1.LTS/include/_defs.h", line 363 (col. 10): remark #1531-D: (ULP 5.2) Detected floating point operation(s). Recommend moving them to RAM during run time or not using as these are processing/power intensive
"C:/Program Files (x86)/ccs/tools/compiler/ti-cgt-msp430_20.2.1.LTS/include/_defs.h", line 364 (col. 37): remark #1531-D: (ULP 5.2) Detected floating point operation(s). Recommend moving them to RAM during run time or not using as these are processing/power intensive
"C:/Program Files (x86)/ccs/tools/compiler/ti-cgt-msp430_20.2.1.LTS/include/_defs.h", line 365 (col. 10): remark #1531-D: (ULP 5.2) Detected floating point operation(s). Recommend moving them to RAM during run time or not using as these are processing/power intensive
"C:/Program Files (x86)/ccs/tools/compiler/ti-cgt-msp430_20.2.1.LTS/include/_defs.h", line 366 (col. 37): remark #1531-D: (ULP 5.2) Detected floating point operation(s). Recommend moving them to RAM during run time or not using as these are processing/power intensive
"C:/Program Files (x86)/ccs/tools/compiler/ti-cgt-msp430_20.2.1.LTS/include/_defs.h", line 367 (col. 10): remark #1531-D: (ULP 5.2) Detected floating point operation(s). Recommend moving them to RAM during run time or not using as these are processing/power intensive
"C:/Program Files (x86)/ccs/tools/compiler/ti-cgt-msp430_20.2.1.LTS/include/_defs.h", line 373 (col. 37): remark #1531-D: (ULP 5.2) Detected floating point operation(s). Recommend moving them to RAM during run time or not using as these are processing/power intensive
"C:/Program Files (x86)/ccs/tools/compiler/ti-cgt-msp430_20.2.1.LTS/include/_defs.h", line 374 (col. 10): remark #1531-D: (ULP 5.2) Detected floating point operation(s). Recommend moving them to RAM during run time or not using as these are processing/power intensive
"C:/Program Files (x86)/ccs/tools/compiler/ti-cgt-msp430_20.2.1.LTS/include/_defs.h", line 375 (col. 37): remark #1531-D: (ULP 5.2) Detected floating point operation(s). Recommend moving them to RAM during run time or not using as these are processing/power intensive
"C:/Program Files (x86)/ccs/tools/compiler/ti-cgt-msp430_20.2.1.LTS/include/_defs.h", line 376 (col. 10): remark #1531-D: (ULP 5.2) Detected floating point operation(s). Recommend moving them to RAM during run time or not using as these are processing/power intensive
"C:/Program Files (x86)/ccs/tools/compiler/ti-cgt-msp430_20.2.1.LTS/include/_defs.h", line 377 (col. 37): remark #1531-D: (ULP 5.2) Detected floating point operation(s). Recommend moving them to RAM during run time or not using as these are processing/power intensive
"C:/Program Files (x86)/ccs/tools/compiler/ti-cgt-msp430_20.2.1.LTS/include/_defs.h", line 378 (col. 10): remark #1531-D: (ULP 5.2) Detected floating point operation(s). Recommend moving them to RAM during run time or not using as these are processing/power intensive
"C:/Program Files (x86)/ccs/tools/compiler/ti-cgt-msp430_20.2.1.LTS/include/_defs.h", line 395 (col. 37): remark #1531-D: (ULP 5.2) Detected floating point operation(s). Recommend moving them to RAM during run time or not using as these are processing/power intensive
"C:/Program Files (x86)/ccs/tools/compiler/ti-cgt-msp430_20.2.1.LTS/include/_defs.h", line 397 (col. 9): remark #1531-D: (ULP 5.2) Detected floating point operation(s). Recommend moving them to RAM during run time or not using as these are processing/power intensive
"C:/Program Files (x86)/ccs/tools/compiler/ti-cgt-msp430_20.2.1.LTS/include/_defs.h", line 399 (col. 13): remark #1531-D: (ULP 5.2) Detected floating point operation(s). Recommend moving them to RAM during run time or not using as these are processing/power intensive
"C:/Program Files (x86)/ccs/tools/compiler/ti-cgt-msp430_20.2.1.LTS/include/_defs.h", line 403 (col. 9): remark #1531-D: (ULP 5.2) Detected floating point operation(s). Recommend moving them to RAM during run time or not using as these are processing/power intensive
"C:/Program Files (x86)/ccs/tools/compiler/ti-cgt-msp430_20.2.1.LTS/include/_defs.h", line 405 (col. 13): remark #1531-D: (ULP 5.2) Detected floating point operation(s). Recommend moving them to RAM during run time or not using as these are processing/power intensive
"C:/Program Files (x86)/ccs/tools/compiler/ti-cgt-msp430_20.2.1.LTS/include/_defs.h", line 412 (col. 37): remark #1531-D: (ULP 5.2) Detected floating point operation(s). Recommend moving them to RAM during run time or not using as these are processing/power intensive
"C:/Program Files (x86)/ccs/tools/compiler/ti-cgt-msp430_20.2.1.LTS/include/_defs.h", line 414 (col. 9): remark #1531-D: (ULP 5.2) Detected floating point operation(s). Recommend moving them to RAM during run time or not using as these are processing/power intensive
"C:/Program Files (x86)/ccs/tools/compiler/ti-cgt-msp430_20.2.1.LTS/include/_defs.h", line 416 (col. 13): remark #1531-D: (ULP 5.2) Detected floating point operation(s). Recommend moving them to RAM during run time or not using as these are processing/power intensive
"C:/Program Files (x86)/ccs/tools/compiler/ti-cgt-msp430_20.2.1.LTS/include/_defs.h", line 420 (col. 9): remark #1531-D: (ULP 5.2) Detected floating point operation(s). Recommend moving them to RAM during run time or not using as these are processing/power intensive
"C:/Program Files (x86)/ccs/tools/compiler/ti-cgt-msp430_20.2.1.LTS/include/_defs.h", line 422 (col. 13): remark #1531-D: (ULP 5.2) Detected floating point operation(s). Recommend moving them to RAM during run time or not using as these are processing/power intensive
"C:/Program Files (x86)/ccs/tools/compiler/ti-cgt-msp430_20.2.1.LTS/include/_defs.h", line 429 (col. 37): remark #1531-D: (ULP 5.2) Detected floating point operation(s). Recommend moving them to RAM during run time or not using as these are processing/power intensive
"C:/Program Files (x86)/ccs/tools/compiler/ti-cgt-msp430_20.2.1.LTS/include/_defs.h", line 431 (col. 9): remark #1531-D: (ULP 5.2) Detected floating point operation(s). Recommend moving them to RAM during run time or not using as these are processing/power intensive
"C:/Program Files (x86)/ccs/tools/compiler/ti-cgt-msp430_20.2.1.LTS/include/_defs.h", line 433 (col. 13): remark #1531-D: (ULP 5.2) Detected floating point operation(s). Recommend moving them to RAM during run time or not using as these are processing/power intensive
"C:/Program Files (x86)/ccs/tools/compiler/ti-cgt-msp430_20.2.1.LTS/include/_defs.h", line 437 (col. 9): remark #1531-D: (ULP 5.2) Detected floating point operation(s). Recommend moving them to RAM during run time or not using as these are processing/power intensive
"C:/Program Files (x86)/ccs/tools/compiler/ti-cgt-msp430_20.2.1.LTS/include/_defs.h", line 439 (col. 13): remark #1531-D: (ULP 5.2) Detected floating point operation(s). Recommend moving them to RAM during run time or not using as these are processing/power intensive
"../main.c", line 151 (col. 7): remark #1531-D: (ULP 5.2) Detected floating point operation(s). Recommend moving them to RAM during run time or not using as these are processing/power intensive
"../main.c", line 152 (col. 20): remark #1531-D: (ULP 5.2) Detected floating point operation(s). Recommend moving them to RAM during run time or not using as these are processing/power intensive
"../main.c", line 160 (col. 15): remark #1531-D: (ULP 5.2) Detected floating point operation(s). Recommend moving them to RAM during run time or not using as these are processing/power intensive
"../main.c", line 162 (col. 18): remark #1531-D: (ULP 5.2) Detected floating point operation(s). Recommend moving them to RAM during run time or not using as these are processing/power intensive
"../main.c", line 166 (col. 31): remark #1531-D: (ULP 5.2) Detected floating point operation(s). Recommend moving them to RAM during run time or not using as these are processing/power intensive
"../main.c", line 229 (col. 19): remark #1531-D: (ULP 5.2) Detected floating point operation(s). Recommend moving them to RAM during run time or not using as these are processing/power intensive
"../main.c", line 291 (col. 22): remark #1531-D: (ULP 5.2) Detected floating point operation(s). Recommend moving them to RAM during run time or not using as these are processing/power intensive
"../main.c", line 293 (col. 18): remark #1531-D: (ULP 5.2) Detected floating point operation(s). Recommend moving them to RAM during run time or not using as these are processing/power intensive
Finished building: "../main.c"
 
Building target: "h2neo_monitor.out"
Invoking: MSP430 Linker
"C:/Program Files (x86)/ccs/tools/compiler/ti-cgt-msp430_20.2.1.LTS/bin/cl430" -vmspx --data_model=restricted --use_hw_mpy=F5 --advice:power="all" --define=__MSP430F5529__ -g --printf_support=full --diag_warning=225 --diag_wrap=off --display_error_number --abi=eabi --silicon_errata=CPU21 --silicon_errata=CPU22 --silicon_errata=CPU23 --silicon_errata=CPU40 -z -m"h2neo_monitor.map" --heap_size=320 --stack_size=160 --cinit_hold_wdt=on -i"C:/Program Files (x86)/ccs/ccs_base/msp430/include" -i"C:/Program Files (x86)/ccs/tools/compiler/ti-cgt-msp430_20.2.1.LTS/lib" -i"C:/Program Files (x86)/ccs/tools/compiler/ti-cgt-msp430_20.2.1.LTS/include" -i"C:/Program Files (x86)/ccs/ccs_base/msp430/lib/5xx_6xx_FRxx" --reread_libs --diag_wrap=off --display_error_number --warn_sections --xml_link_info="h2neo_monitor_linkInfo.xml" --use_hw_mpy=F5 --rom_model -o "h2neo_monitor.out" "./convertNprint.obj" "./lcd_screen.obj" "./main.obj" "./opticalSensor.obj" "./ringBuffer.obj" "./rotary_encoder_w_button.obj" "./stopwatch.obj" "../lnk_msp430f5529.cmd"  -llibmath.a -llibc.a 
<Linking>
remark #10372-D: (ULP 4.1) Detected uninitialized Port B in this project. Recommend initializing all unused ports to eliminate wasted current consumption on unused pins.
remark #10372-D: (ULP 4.1) Detected uninitialized Port C in this project. Recommend initializing all unused ports to eliminate wasted current consumption on unused pins.
Finished building target: "h2neo_monitor.out"
 

**** Build Finished ****
